# JRE version: Java(TM) SE Runtime Environment (8.0_20-b26) (build 1.8.0_20-b26)
# Java VM: Java HotSpot(TM) 64-Bit Server VM (25.20-b23 mixed mode bsd-amd64 compressed oops)
Heap:
 PSYoungGen      total 559616K, used 404236K [0x0000000715580000, 0x000000073c580000, 0x00000007c0000000)
  eden space 517120K, 70% used [0x0000000715580000,0x000000072b8c61c8,0x0000000734e80000)
  from space 42496K, 95% used [0x0000000737e00000,0x000000073a57d060,0x000000073a780000)
  to   space 48640K, 0% used [0x0000000734e80000,0x0000000734e80000,0x0000000737e00000)
 ParOldGen       total 504320K, used 70625K [0x00000005c0000000, 0x00000005dec80000, 0x0000000715580000)
  object space 504320K, 14% used [0x00000005c0000000,0x00000005c44f86c0,0x00000005dec80000)
 Metaspace       used 64274K, capacity 86628K, committed 86824K, reserved 1114112K
  class space    used 14784K, capacity 22024K, committed 22064K, reserved 1048576K
GC Heap History (10 events):
Event: 7.745 GC heap before
{Heap before GC invocations=13 (full 3):
 PSYoungGen      total 364032K, used 352768K [0x0000000715580000, 0x000000072ea80000, 0x00000007c0000000)
  eden space 352768K, 100% used [0x0000000715580000,0x000000072ae00000,0x000000072ae00000)
  from space 11264K, 0% used [0x000000072ae00000,0x000000072ae00000,0x000000072b900000)
  to   space 11776K, 0% used [0x000000072df00000,0x000000072df00000,0x000000072ea80000)
 ParOldGen       total 504320K, used 20778K [0x00000005c0000000, 0x00000005dec80000, 0x0000000715580000)
  object space 504320K, 4% used [0x00000005c0000000,0x00000005c144aab0,0x00000005dec80000)
 Metaspace       used 51292K, capacity 72134K, committed 72360K, reserved 1101824K
  class space    used 13040K, capacity 19826K, committed 19888K, reserved 1048576K
Event: 7.751 GC heap after
Heap after GC invocations=13 (full 3):
 PSYoungGen      total 401920K, used 8283K [0x0000000715580000, 0x000000072ea00000, 0x00000007c0000000)
  eden space 390656K, 0% used [0x0000000715580000,0x0000000715580000,0x000000072d300000)
  from space 11264K, 73% used [0x000000072df00000,0x000000072e716fd8,0x000000072ea00000)
  to   space 11776K, 0% used [0x000000072d300000,0x000000072d300000,0x000000072de80000)
 ParOldGen       total 504320K, used 20786K [0x00000005c0000000, 0x00000005dec80000, 0x0000000715580000)
  object space 504320K, 4% used [0x00000005c0000000,0x00000005c144cab0,0x00000005dec80000)
 Metaspace       used 51292K, capacity 72134K, committed 72360K, reserved 1101824K
  class space    used 13040K, capacity 19826K, committed 19888K, reserved 1048576K
}
Event: 9.656 GC heap before
{Heap before GC invocations=14 (full 3):
 PSYoungGen      total 401920K, used 398939K [0x0000000715580000, 0x000000072ea00000, 0x00000007c0000000)
  eden space 390656K, 100% used [0x0000000715580000,0x000000072d300000,0x000000072d300000)
  from space 11264K, 73% used [0x000000072df00000,0x000000072e716fd8,0x000000072ea00000)
  to   space 11776K, 0% used [0x000000072d300000,0x000000072d300000,0x000000072de80000)
 ParOldGen       total 504320K, used 20786K [0x00000005c0000000, 0x00000005dec80000, 0x0000000715580000)
  object space 504320K, 4% used [0x00000005c0000000,0x00000005c144cab0,0x00000005dec80000)
 Metaspace       used 63605K, capacity 85824K, committed 86056K, reserved 1114112K
  class space    used 14784K, capacity 22024K, committed 22064K, reserved 1048576K
Event: 9.680 GC heap after
Heap after GC invocations=14 (full 3):
 PSYoungGen      total 402432K, used 11757K [0x0000000715580000, 0x0000000733c80000, 0x00000007c0000000)
  eden space 390656K, 0% used [0x0000000715580000,0x0000000715580000,0x000000072d300000)
  from space 11776K, 99% used [0x000000072d300000,0x000000072de7b718,0x000000072de80000)
  to   space 31232K, 0% used [0x0000000731e00000,0x0000000731e00000,0x0000000733c80000)
 ParOldGen       total 504320K, used 70393K [0x00000005c0000000, 0x00000005dec80000, 0x0000000715580000)
  object space 504320K, 13% used [0x00000005c0000000,0x00000005c44be6d0,0x00000005dec80000)
 Metaspace       used 63605K, capacity 85824K, committed 86056K, reserved 1114112K
  class space    used 14784K, capacity 22024K, committed 22064K, reserved 1048576K
}
Event: 9.997 GC heap before
{Heap before GC invocations=15 (full 3):
 PSYoungGen      total 402432K, used 402413K [0x0000000715580000, 0x0000000733c80000, 0x00000007c0000000)
  eden space 390656K, 100% used [0x0000000715580000,0x000000072d300000,0x000000072d300000)
  from space 11776K, 99% used [0x000000072d300000,0x000000072de7b718,0x000000072de80000)
  to   space 31232K, 0% used [0x0000000731e00000,0x0000000731e00000,0x0000000733c80000)
 ParOldGen       total 504320K, used 70393K [0x00000005c0000000, 0x00000005dec80000, 0x0000000715580000)
  object space 504320K, 13% used [0x00000005c0000000,0x00000005c44be6d0,0x00000005dec80000)
 Metaspace       used 63941K, capacity 86228K, committed 86312K, reserved 1114112K
  class space    used 14784K, capacity 22024K, committed 22064K, reserved 1048576K
Event: 10.009 GC heap after
Heap after GC invocations=15 (full 3):
 PSYoungGen      total 462336K, used 31220K [0x0000000715580000, 0x0000000735c80000, 0x00000007c0000000)
  eden space 431104K, 0% used [0x0000000715580000,0x0000000715580000,0x000000072fa80000)
  from space 31232K, 99% used [0x0000000731e00000,0x0000000733c7d060,0x0000000733c80000)
  to   space 36352K, 0% used [0x000000072fa80000,0x000000072fa80000,0x0000000731e00000)
 ParOldGen       total 504320K, used 70609K [0x00000005c0000000, 0x00000005dec80000, 0x0000000715580000)
  object space 504320K, 14% used [0x00000005c0000000,0x00000005c44f46c0,0x00000005dec80000)
 Metaspace       used 63941K, capacity 86228K, committed 86312K, reserved 1114112K
  class space    used 14784K, capacity 22024K, committed 22064K, reserved 1048576K
}
Event: 10.351 GC heap before
{Heap before GC invocations=16 (full 3):
 PSYoungGen      total 462336K, used 462324K [0x0000000715580000, 0x0000000735c80000, 0x00000007c0000000)
  eden space 431104K, 100% used [0x0000000715580000,0x000000072fa80000,0x000000072fa80000)
  from space 31232K, 99% used [0x0000000731e00000,0x0000000733c7d060,0x0000000733c80000)
  to   space 36352K, 0% used [0x000000072fa80000,0x000000072fa80000,0x0000000731e00000)
 ParOldGen       total 504320K, used 70609K [0x00000005c0000000, 0x00000005dec80000, 0x0000000715580000)
  object space 504320K, 14% used [0x00000005c0000000,0x00000005c44f46c0,0x00000005dec80000)
 Metaspace       used 64219K, capacity 86612K, committed 86824K, reserved 1114112K
  class space    used 14784K, capacity 22024K, committed 22064K, reserved 1048576K
Event: 10.366 GC heap after
Heap after GC invocations=16 (full 3):
 PSYoungGen      total 467456K, used 36197K [0x0000000715580000, 0x000000073a780000, 0x00000007c0000000)
  eden space 431104K, 0% used [0x0000000715580000,0x0000000715580000,0x000000072fa80000)
  from space 36352K, 99% used [0x000000072fa80000,0x0000000731dd9738,0x0000000731e00000)
  to   space 42496K, 0% used [0x0000000737e00000,0x0000000737e00000,0x000000073a780000)
 ParOldGen       total 504320K, used 70617K [0x00000005c0000000, 0x00000005dec80000, 0x0000000715580000)
  object space 504320K, 14% used [0x00000005c0000000,0x00000005c44f66c0,0x00000005dec80000)
 Metaspace       used 64219K, capacity 86612K, committed 86824K, reserved 1114112K
  class space    used 14784K, capacity 22024K, committed 22064K, reserved 1048576K
}
Event: 10.638 GC heap before
{Heap before GC invocations=17 (full 3):
 PSYoungGen      total 467456K, used 467301K [0x0000000715580000, 0x000000073a780000, 0x00000007c0000000)
  eden space 431104K, 100% used [0x0000000715580000,0x000000072fa80000,0x000000072fa80000)
  from space 36352K, 99% used [0x000000072fa80000,0x0000000731dd9738,0x0000000731e00000)
  to   space 42496K, 0% used [0x0000000737e00000,0x0000000737e00000,0x000000073a780000)
 ParOldGen       total 504320K, used 70617K [0x00000005c0000000, 0x00000005dec80000, 0x0000000715580000)
  object space 504320K, 14% used [0x00000005c0000000,0x00000005c44f66c0,0x00000005dec80000)
 Metaspace       used 64243K, capacity 86620K, committed 86824K, reserved 1114112K
  class space    used 14784K, capacity 22024K, committed 22064K, reserved 1048576K
Event: 10.653 GC heap after
Heap after GC invocations=17 (full 3):
 PSYoungGen      total 559616K, used 40436K [0x0000000715580000, 0x000000073c580000, 0x00000007c0000000)
  eden space 517120K, 0% used [0x0000000715580000,0x0000000715580000,0x0000000734e80000)
  from space 42496K, 95% used [0x0000000737e00000,0x000000073a57d060,0x000000073a780000)
  to   space 48640K, 0% used [0x0000000734e80000,0x0000000734e80000,0x0000000737e00000)
 ParOldGen       total 504320K, used 70625K [0x00000005c0000000, 0x00000005dec80000, 0x0000000715580000)
  object space 504320K, 14% used [0x00000005c0000000,0x00000005c44f86c0,0x00000005dec80000)
 Metaspace       used 64243K, capacity 86620K, committed 86824K, reserved 1114112K
  class space    used 14784K, capacity 22024K, committed 22064K, reserved 1048576K
}

