# JRE version: Java(TM) SE Runtime Environment (8.0_20-b26) (build 1.8.0_20-b26)
# Java VM: Java HotSpot(TM) 64-Bit Server VM (25.20-b23 mixed mode bsd-amd64 compressed oops)
Heap:
 PSYoungGen      total 538112K, used 244161K [0x0000000715580000, 0x000000073b100000, 0x00000007c0000000)
  eden space 495616K, 41% used [0x0000000715580000,0x0000000721c6b788,0x0000000733980000)
  from space 42496K, 95% used [0x0000000736980000,0x0000000739105050,0x0000000739300000)
  to   space 49152K, 0% used [0x0000000733980000,0x0000000733980000,0x0000000736980000)
 ParOldGen       total 512512K, used 70812K [0x00000005c0000000, 0x00000005df480000, 0x0000000715580000)
  object space 512512K, 13% used [0x00000005c0000000,0x00000005c45271b0,0x00000005df480000)
 Metaspace       used 64273K, capacity 86590K, committed 86832K, reserved 1114112K
  class space    used 14780K, capacity 21993K, committed 22064K, reserved 1048576K
GC Heap History (10 events):
Event: 8.086 GC heap before
{Heap before GC invocations=13 (full 3):
 PSYoungGen      total 356864K, used 345600K [0x0000000715580000, 0x000000072e180000, 0x00000007c0000000)
  eden space 345600K, 100% used [0x0000000715580000,0x000000072a700000,0x000000072a700000)
  from space 11264K, 0% used [0x000000072a700000,0x000000072a700000,0x000000072b200000)
  to   space 11776K, 0% used [0x000000072d600000,0x000000072d600000,0x000000072e180000)
 ParOldGen       total 512512K, used 20781K [0x00000005c0000000, 0x00000005df480000, 0x0000000715580000)
  object space 512512K, 4% used [0x00000005c0000000,0x00000005c144b528,0x00000005df480000)
 Metaspace       used 51183K, capacity 72028K, committed 72368K, reserved 1101824K
  class space    used 13015K, capacity 19772K, committed 19888K, reserved 1048576K
Event: 8.092 GC heap after
Heap after GC invocations=13 (full 3):
 PSYoungGen      total 389632K, used 8078K [0x0000000715580000, 0x000000072df80000, 0x00000007c0000000)
  eden space 379904K, 0% used [0x0000000715580000,0x0000000715580000,0x000000072c880000)
  from space 9728K, 83% used [0x000000072d600000,0x000000072dde3ba0,0x000000072df80000)
  to   space 11776K, 0% used [0x000000072c880000,0x000000072c880000,0x000000072d400000)
 ParOldGen       total 512512K, used 20789K [0x00000005c0000000, 0x00000005df480000, 0x0000000715580000)
  object space 512512K, 4% used [0x00000005c0000000,0x00000005c144d528,0x00000005df480000)
 Metaspace       used 51183K, capacity 72028K, committed 72368K, reserved 1101824K
  class space    used 13015K, capacity 19772K, committed 19888K, reserved 1048576K
}
Event: 10.049 GC heap before
{Heap before GC invocations=14 (full 3):
 PSYoungGen      total 389632K, used 387982K [0x0000000715580000, 0x000000072df80000, 0x00000007c0000000)
  eden space 379904K, 100% used [0x0000000715580000,0x000000072c880000,0x000000072c880000)
  from space 9728K, 83% used [0x000000072d600000,0x000000072dde3ba0,0x000000072df80000)
  to   space 11776K, 0% used [0x000000072c880000,0x000000072c880000,0x000000072d400000)
 ParOldGen       total 512512K, used 20789K [0x00000005c0000000, 0x00000005df480000, 0x0000000715580000)
  object space 512512K, 4% used [0x00000005c0000000,0x00000005c144d528,0x00000005df480000)
 Metaspace       used 63604K, capacity 85866K, committed 86064K, reserved 1114112K
  class space    used 14778K, capacity 21993K, committed 22064K, reserved 1048576K
Event: 10.071 GC heap after
Heap after GC invocations=14 (full 3):
 PSYoungGen      total 391680K, used 11757K [0x0000000715580000, 0x0000000732e00000, 0x00000007c0000000)
  eden space 379904K, 0% used [0x0000000715580000,0x0000000715580000,0x000000072c880000)
  from space 11776K, 99% used [0x000000072c880000,0x000000072d3fb708,0x000000072d400000)
  to   space 31744K, 0% used [0x0000000730f00000,0x0000000730f00000,0x0000000732e00000)
 ParOldGen       total 512512K, used 70773K [0x00000005c0000000, 0x00000005df480000, 0x0000000715580000)
  object space 512512K, 13% used [0x00000005c0000000,0x00000005c451d550,0x00000005df480000)
 Metaspace       used 63604K, capacity 85866K, committed 86064K, reserved 1114112K
  class space    used 14778K, capacity 21993K, committed 22064K, reserved 1048576K
}
Event: 10.394 GC heap before
{Heap before GC invocations=15 (full 3):
 PSYoungGen      total 391680K, used 391661K [0x0000000715580000, 0x0000000732e00000, 0x00000007c0000000)
  eden space 379904K, 100% used [0x0000000715580000,0x000000072c880000,0x000000072c880000)
  from space 11776K, 99% used [0x000000072c880000,0x000000072d3fb708,0x000000072d400000)
  to   space 31744K, 0% used [0x0000000730f00000,0x0000000730f00000,0x0000000732e00000)
 ParOldGen       total 512512K, used 70773K [0x00000005c0000000, 0x00000005df480000, 0x0000000715580000)
  object space 512512K, 13% used [0x00000005c0000000,0x00000005c451d550,0x00000005df480000)
 Metaspace       used 63971K, capacity 86278K, committed 86576K, reserved 1114112K
  class space    used 14778K, capacity 21993K, committed 22064K, reserved 1048576K
Event: 10.407 GC heap after
Heap after GC invocations=15 (full 3):
 PSYoungGen      total 446976K, used 31732K [0x0000000715580000, 0x0000000734f00000, 0x00000007c0000000)
  eden space 415232K, 0% used [0x0000000715580000,0x0000000715580000,0x000000072eb00000)
  from space 31744K, 99% used [0x0000000730f00000,0x0000000732dfd050,0x0000000732e00000)
  to   space 36864K, 0% used [0x000000072eb00000,0x000000072eb00000,0x0000000730f00000)
 ParOldGen       total 512512K, used 70781K [0x00000005c0000000, 0x00000005df480000, 0x0000000715580000)
  object space 512512K, 13% used [0x00000005c0000000,0x00000005c451f550,0x00000005df480000)
 Metaspace       used 63971K, capacity 86278K, committed 86576K, reserved 1114112K
  class space    used 14778K, capacity 21993K, committed 22064K, reserved 1048576K
}
Event: 10.739 GC heap before
{Heap before GC invocations=16 (full 3):
 PSYoungGen      total 446976K, used 446964K [0x0000000715580000, 0x0000000734f00000, 0x00000007c0000000)
  eden space 415232K, 100% used [0x0000000715580000,0x000000072eb00000,0x000000072eb00000)
  from space 31744K, 99% used [0x0000000730f00000,0x0000000732dfd050,0x0000000732e00000)
  to   space 36864K, 0% used [0x000000072eb00000,0x000000072eb00000,0x0000000730f00000)
 ParOldGen       total 512512K, used 70781K [0x00000005c0000000, 0x00000005df480000, 0x0000000715580000)
  object space 512512K, 13% used [0x00000005c0000000,0x00000005c451f550,0x00000005df480000)
 Metaspace       used 64192K, capacity 86550K, committed 86832K, reserved 1114112K
  class space    used 14780K, capacity 21993K, committed 22064K, reserved 1048576K
Event: 10.753 GC heap after
Heap after GC invocations=16 (full 3):
 PSYoungGen      total 452096K, used 36308K [0x0000000715580000, 0x0000000739300000, 0x00000007c0000000)
  eden space 415232K, 0% used [0x0000000715580000,0x0000000715580000,0x000000072eb00000)
  from space 36864K, 98% used [0x000000072eb00000,0x0000000730e75050,0x0000000730f00000)
  to   space 42496K, 0% used [0x0000000736980000,0x0000000736980000,0x0000000739300000)
 ParOldGen       total 512512K, used 70789K [0x00000005c0000000, 0x00000005df480000, 0x0000000715580000)
  object space 512512K, 13% used [0x00000005c0000000,0x00000005c4521550,0x00000005df480000)
 Metaspace       used 64192K, capacity 86550K, committed 86832K, reserved 1114112K
  class space    used 14780K, capacity 21993K, committed 22064K, reserved 1048576K
}
Event: 11.026 GC heap before
{Heap before GC invocations=17 (full 3):
 PSYoungGen      total 452096K, used 451540K [0x0000000715580000, 0x0000000739300000, 0x00000007c0000000)
  eden space 415232K, 100% used [0x0000000715580000,0x000000072eb00000,0x000000072eb00000)
  from space 36864K, 98% used [0x000000072eb00000,0x0000000730e75050,0x0000000730f00000)
  to   space 42496K, 0% used [0x0000000736980000,0x0000000736980000,0x0000000739300000)
 ParOldGen       total 512512K, used 70789K [0x00000005c0000000, 0x00000005df480000, 0x0000000715580000)
  object space 512512K, 13% used [0x00000005c0000000,0x00000005c4521550,0x00000005df480000)
 Metaspace       used 64259K, capacity 86582K, committed 86832K, reserved 1114112K
  class space    used 14780K, capacity 21993K, committed 22064K, reserved 1048576K
Event: 11.041 GC heap after
Heap after GC invocations=17 (full 3):
 PSYoungGen      total 538112K, used 40468K [0x0000000715580000, 0x000000073b100000, 0x00000007c0000000)
  eden space 495616K, 0% used [0x0000000715580000,0x0000000715580000,0x0000000733980000)
  from space 42496K, 95% used [0x0000000736980000,0x0000000739105050,0x0000000739300000)
  to   space 49152K, 0% used [0x0000000733980000,0x0000000733980000,0x0000000736980000)
 ParOldGen       total 512512K, used 70812K [0x00000005c0000000, 0x00000005df480000, 0x0000000715580000)
  object space 512512K, 13% used [0x00000005c0000000,0x00000005c45271b0,0x00000005df480000)
 Metaspace       used 64259K, capacity 86582K, committed 86832K, reserved 1114112K
  class space    used 14780K, capacity 21993K, committed 22064K, reserved 1048576K
}

