# JRE version: Java(TM) SE Runtime Environment (8.0_20-b26) (build 1.8.0_20-b26)
# Java VM: Java HotSpot(TM) 64-Bit Server VM (25.20-b23 mixed mode bsd-amd64 compressed oops)
Heap:
 PSYoungGen      total 391168K, used 85398K [0x0000000715580000, 0x0000000733500000, 0x00000007c0000000)
  eden space 379392K, 19% used [0x0000000715580000,0x0000000719d6a3d8,0x000000072c800000)
  from space 11776K, 99% used [0x000000072c800000,0x000000072d37b788,0x000000072d380000)
  to   space 35840K, 0% used [0x0000000731200000,0x0000000731200000,0x0000000733500000)
 ParOldGen       total 517120K, used 81943K [0x00000005c0000000, 0x00000005df900000, 0x0000000715580000)
  object space 517120K, 15% used [0x00000005c0000000,0x00000005c5005c60,0x00000005df900000)
 Metaspace       used 63639K, capacity 85880K, committed 86056K, reserved 1114112K
  class space    used 14782K, capacity 22022K, committed 22064K, reserved 1048576K
GC Heap History (10 events):
Event: 5.464 GC heap before
{Heap before GC invocations=10 (full 2):
 PSYoungGen      total 290304K, used 283274K [0x0000000715580000, 0x000000072c080000, 0x00000007c0000000)
  eden space 278528K, 100% used [0x0000000715580000,0x0000000726580000,0x0000000726580000)
  from space 11776K, 40% used [0x0000000726580000,0x0000000726a22a30,0x0000000727100000)
  to   space 11776K, 0% used [0x000000072b500000,0x000000072b500000,0x000000072c080000)
 ParOldGen       total 345600K, used 12142K [0x00000005c0000000, 0x00000005d5180000, 0x0000000715580000)
  object space 345600K, 3% used [0x00000005c0000000,0x00000005c0bdbb38,0x00000005d5180000)
 Metaspace       used 38181K, capacity 50738K, committed 50856K, reserved 1087488K
  class space    used 9421K, capacity 13635K, committed 13744K, reserved 1048576K
Event: 5.469 GC heap after
Heap after GC invocations=10 (full 2):
 PSYoungGen      total 346624K, used 6724K [0x0000000715580000, 0x000000072bc00000, 0x00000007c0000000)
  eden space 339456K, 0% used [0x0000000715580000,0x0000000715580000,0x000000072a100000)
  from space 7168K, 93% used [0x000000072b500000,0x000000072bb91238,0x000000072bc00000)
  to   space 11264K, 0% used [0x000000072a600000,0x000000072a600000,0x000000072b100000)
 ParOldGen       total 345600K, used 12142K [0x00000005c0000000, 0x00000005d5180000, 0x0000000715580000)
  object space 345600K, 3% used [0x00000005c0000000,0x00000005c0bdbb38,0x00000005d5180000)
 Metaspace       used 38181K, capacity 50738K, committed 50856K, reserved 1087488K
  class space    used 9421K, capacity 13635K, committed 13744K, reserved 1048576K
}
Event: 6.521 GC heap before
{Heap before GC invocations=11 (full 2):
 PSYoungGen      total 346624K, used 346180K [0x0000000715580000, 0x000000072bc00000, 0x00000007c0000000)
  eden space 339456K, 100% used [0x0000000715580000,0x000000072a100000,0x000000072a100000)
  from space 7168K, 93% used [0x000000072b500000,0x000000072bb91238,0x000000072bc00000)
  to   space 11264K, 0% used [0x000000072a600000,0x000000072a600000,0x000000072b100000)
 ParOldGen       total 345600K, used 12142K [0x00000005c0000000, 0x00000005d5180000, 0x0000000715580000)
  object space 345600K, 3% used [0x00000005c0000000,0x00000005c0bdbb38,0x00000005d5180000)
 Metaspace       used 42534K, capacity 59120K, committed 59160K, reserved 1091584K
  class space    used 10824K, capacity 16285K, committed 16304K, reserved 1048576K
Event: 6.528 GC heap after
Heap after GC invocations=11 (full 2):
 PSYoungGen      total 355840K, used 9155K [0x0000000715580000, 0x000000072df00000, 0x00000007c0000000)
  eden space 344576K, 0% used [0x0000000715580000,0x0000000715580000,0x000000072a600000)
  from space 11264K, 81% used [0x000000072a600000,0x000000072aef0ee8,0x000000072b100000)
  to   space 11776K, 0% used [0x000000072d380000,0x000000072d380000,0x000000072df00000)
 ParOldGen       total 345600K, used 12166K [0x00000005c0000000, 0x00000005d5180000, 0x0000000715580000)
  object space 345600K, 3% used [0x00000005c0000000,0x00000005c0be1b38,0x00000005d5180000)
 Metaspace       used 42534K, capacity 59120K, committed 59160K, reserved 1091584K
  class space    used 10824K, capacity 16285K, committed 16304K, reserved 1048576K
}
Event: 6.528 GC heap before
{Heap before GC invocations=12 (full 3):
 PSYoungGen      total 355840K, used 9155K [0x0000000715580000, 0x000000072df00000, 0x00000007c0000000)
  eden space 344576K, 0% used [0x0000000715580000,0x0000000715580000,0x000000072a600000)
  from space 11264K, 81% used [0x000000072a600000,0x000000072aef0ee8,0x000000072b100000)
  to   space 11776K, 0% used [0x000000072d380000,0x000000072d380000,0x000000072df00000)
 ParOldGen       total 345600K, used 12166K [0x00000005c0000000, 0x00000005d5180000, 0x0000000715580000)
  object space 345600K, 3% used [0x00000005c0000000,0x00000005c0be1b38,0x00000005d5180000)
 Metaspace       used 42534K, capacity 59120K, committed 59160K, reserved 1091584K
  class space    used 10824K, capacity 16285K, committed 16304K, reserved 1048576K
Event: 6.676 GC heap after
Heap after GC invocations=12 (full 3):
 PSYoungGen      total 355840K, used 0K [0x0000000715580000, 0x000000072df00000, 0x00000007c0000000)
  eden space 344576K, 0% used [0x0000000715580000,0x0000000715580000,0x000000072a600000)
  from space 11264K, 0% used [0x000000072a600000,0x000000072a600000,0x000000072b100000)
  to   space 11776K, 0% used [0x000000072d380000,0x000000072d380000,0x000000072df00000)
 ParOldGen       total 517120K, used 20778K [0x00000005c0000000, 0x00000005df900000, 0x0000000715580000)
  object space 517120K, 4% used [0x00000005c0000000,0x00000005c144ab80,0x00000005df900000)
 Metaspace       used 42534K, capacity 59120K, committed 59160K, reserved 1091584K
  class space    used 10824K, capacity 16285K, committed 16304K, reserved 1048576K
}
Event: 7.882 GC heap before
{Heap before GC invocations=13 (full 3):
 PSYoungGen      total 355840K, used 344576K [0x0000000715580000, 0x000000072df00000, 0x00000007c0000000)
  eden space 344576K, 100% used [0x0000000715580000,0x000000072a600000,0x000000072a600000)
  from space 11264K, 0% used [0x000000072a600000,0x000000072a600000,0x000000072b100000)
  to   space 11776K, 0% used [0x000000072d380000,0x000000072d380000,0x000000072df00000)
 ParOldGen       total 517120K, used 20778K [0x00000005c0000000, 0x00000005df900000, 0x0000000715580000)
  object space 517120K, 4% used [0x00000005c0000000,0x00000005c144ab80,0x00000005df900000)
 Metaspace       used 51204K, capacity 71988K, committed 72104K, reserved 1101824K
  class space    used 13016K, capacity 19800K, committed 19888K, reserved 1048576K
Event: 7.888 GC heap after
Heap after GC invocations=13 (full 3):
 PSYoungGen      total 391168K, used 8159K [0x0000000715580000, 0x000000072df00000, 0x00000007c0000000)
  eden space 379392K, 0% used [0x0000000715580000,0x0000000715580000,0x000000072c800000)
  from space 11776K, 69% used [0x000000072d380000,0x000000072db77ff0,0x000000072df00000)
  to   space 11776K, 0% used [0x000000072c800000,0x000000072c800000,0x000000072d380000)
 ParOldGen       total 517120K, used 20786K [0x00000005c0000000, 0x00000005df900000, 0x0000000715580000)
  object space 517120K, 4% used [0x00000005c0000000,0x00000005c144cb80,0x00000005df900000)
 Metaspace       used 51204K, capacity 71988K, committed 72104K, reserved 1101824K
  class space    used 13016K, capacity 19800K, committed 19888K, reserved 1048576K
}
Event: 10.482 GC heap before
{Heap before GC invocations=14 (full 3):
 PSYoungGen      total 391168K, used 387551K [0x0000000715580000, 0x000000072df00000, 0x00000007c0000000)
  eden space 379392K, 100% used [0x0000000715580000,0x000000072c800000,0x000000072c800000)
  from space 11776K, 69% used [0x000000072d380000,0x000000072db77ff0,0x000000072df00000)
  to   space 11776K, 0% used [0x000000072c800000,0x000000072c800000,0x000000072d380000)
 ParOldGen       total 517120K, used 20786K [0x00000005c0000000, 0x00000005df900000, 0x0000000715580000)
  object space 517120K, 4% used [0x00000005c0000000,0x00000005c144cb80,0x00000005df900000)
 Metaspace       used 63623K, capacity 85880K, committed 86056K, reserved 1114112K
  class space    used 14782K, capacity 22022K, committed 22064K, reserved 1048576K
Event: 10.510 GC heap after
Heap after GC invocations=14 (full 3):
 PSYoungGen      total 391168K, used 11757K [0x0000000715580000, 0x0000000733500000, 0x00000007c0000000)
  eden space 379392K, 0% used [0x0000000715580000,0x0000000715580000,0x000000072c800000)
  from space 11776K, 99% used [0x000000072c800000,0x000000072d37b788,0x000000072d380000)
  to   space 35840K, 0% used [0x0000000731200000,0x0000000731200000,0x0000000733500000)
 ParOldGen       total 517120K, used 81943K [0x00000005c0000000, 0x00000005df900000, 0x0000000715580000)
  object space 517120K, 15% used [0x00000005c0000000,0x00000005c5005c60,0x00000005df900000)
 Metaspace       used 63623K, capacity 85880K, committed 86056K, reserved 1114112K
  class space    used 14782K, capacity 22022K, committed 22064K, reserved 1048576K
}

