# JRE version: Java(TM) SE Runtime Environment (8.0_20-b26) (build 1.8.0_20-b26)
# Java VM: Java HotSpot(TM) 64-Bit Server VM (25.20-b23 mixed mode bsd-amd64 compressed oops)
Heap:
 PSYoungGen      total 544256K, used 373340K [0x0000000715580000, 0x000000073a280000, 0x00000007c0000000)
  eden space 511488K, 67% used [0x0000000715580000,0x000000072a8368f8,0x0000000734900000)
  from space 32768K, 80% used [0x0000000736b80000,0x0000000738560798,0x0000000738b80000)
  to   space 35328K, 0% used [0x0000000734900000,0x0000000734900000,0x0000000736b80000)
 ParOldGen       total 501248K, used 70353K [0x00000005c0000000, 0x00000005de980000, 0x0000000715580000)
  object space 501248K, 14% used [0x00000005c0000000,0x00000005c44b44b0,0x00000005de980000)
 Metaspace       used 64244K, capacity 86572K, committed 86824K, reserved 1114112K
  class space    used 14782K, capacity 22024K, committed 22064K, reserved 1048576K
GC Heap History (10 events):
Event: 7.712 GC heap before
{Heap before GC invocations=13 (full 3):
 PSYoungGen      total 365056K, used 353792K [0x0000000715580000, 0x000000072ec80000, 0x00000007c0000000)
  eden space 353792K, 100% used [0x0000000715580000,0x000000072af00000,0x000000072af00000)
  from space 11264K, 0% used [0x000000072af00000,0x000000072af00000,0x000000072ba00000)
  to   space 11776K, 0% used [0x000000072e100000,0x000000072e100000,0x000000072ec80000)
 ParOldGen       total 501248K, used 20780K [0x00000005c0000000, 0x00000005de980000, 0x0000000715580000)
  object space 501248K, 4% used [0x00000005c0000000,0x00000005c144b090,0x00000005de980000)
 Metaspace       used 51317K, capacity 72186K, committed 72360K, reserved 1101824K
  class space    used 13047K, capacity 19862K, committed 19888K, reserved 1048576K
Event: 7.718 GC heap after
Heap after GC invocations=13 (full 3):
 PSYoungGen      total 400896K, used 8202K [0x0000000715580000, 0x000000072ea80000, 0x00000007c0000000)
  eden space 391168K, 0% used [0x0000000715580000,0x0000000715580000,0x000000072d380000)
  from space 9728K, 84% used [0x000000072e100000,0x000000072e9029d0,0x000000072ea80000)
  to   space 11776K, 0% used [0x000000072d380000,0x000000072d380000,0x000000072df00000)
 ParOldGen       total 501248K, used 20788K [0x00000005c0000000, 0x00000005de980000, 0x0000000715580000)
  object space 501248K, 4% used [0x00000005c0000000,0x00000005c144d090,0x00000005de980000)
 Metaspace       used 51317K, capacity 72186K, committed 72360K, reserved 1101824K
  class space    used 13047K, capacity 19862K, committed 19888K, reserved 1048576K
}
Event: 9.602 GC heap before
{Heap before GC invocations=14 (full 3):
 PSYoungGen      total 400896K, used 399370K [0x0000000715580000, 0x000000072ea80000, 0x00000007c0000000)
  eden space 391168K, 100% used [0x0000000715580000,0x000000072d380000,0x000000072d380000)
  from space 9728K, 84% used [0x000000072e100000,0x000000072e9029d0,0x000000072ea80000)
  to   space 11776K, 0% used [0x000000072d380000,0x000000072d380000,0x000000072df00000)
 ParOldGen       total 501248K, used 20788K [0x00000005c0000000, 0x00000005de980000, 0x0000000715580000)
  object space 501248K, 4% used [0x00000005c0000000,0x00000005c144d090,0x00000005de980000)
 Metaspace       used 63541K, capacity 85732K, committed 86056K, reserved 1114112K
  class space    used 14781K, capacity 21992K, committed 22064K, reserved 1048576K
Event: 9.624 GC heap after
Heap after GC invocations=14 (full 3):
 PSYoungGen      total 402944K, used 11761K [0x0000000715580000, 0x0000000733b80000, 0x00000007c0000000)
  eden space 391168K, 0% used [0x0000000715580000,0x0000000715580000,0x000000072d380000)
  from space 11776K, 99% used [0x000000072d380000,0x000000072defc7a8,0x000000072df00000)
  to   space 31232K, 0% used [0x0000000731d00000,0x0000000731d00000,0x0000000733b80000)
 ParOldGen       total 501248K, used 70329K [0x00000005c0000000, 0x00000005de980000, 0x0000000715580000)
  object space 501248K, 14% used [0x00000005c0000000,0x00000005c44ae4b0,0x00000005de980000)
 Metaspace       used 63541K, capacity 85732K, committed 86056K, reserved 1114112K
  class space    used 14781K, capacity 21992K, committed 22064K, reserved 1048576K
}
Event: 9.939 GC heap before
{Heap before GC invocations=15 (full 3):
 PSYoungGen      total 402944K, used 402929K [0x0000000715580000, 0x0000000733b80000, 0x00000007c0000000)
  eden space 391168K, 100% used [0x0000000715580000,0x000000072d380000,0x000000072d380000)
  from space 11776K, 99% used [0x000000072d380000,0x000000072defc7a8,0x000000072df00000)
  to   space 31232K, 0% used [0x0000000731d00000,0x0000000731d00000,0x0000000733b80000)
 ParOldGen       total 501248K, used 70329K [0x00000005c0000000, 0x00000005de980000, 0x0000000715580000)
  object space 501248K, 14% used [0x00000005c0000000,0x00000005c44ae4b0,0x00000005de980000)
 Metaspace       used 63841K, capacity 86136K, committed 86312K, reserved 1114112K
  class space    used 14781K, capacity 21992K, committed 22064K, reserved 1048576K
Event: 9.948 GC heap after
Heap after GC invocations=15 (full 3):
 PSYoungGen      total 466432K, used 16786K [0x0000000715580000, 0x0000000734a80000, 0x00000007c0000000)
  eden space 435200K, 0% used [0x0000000715580000,0x0000000715580000,0x000000072fe80000)
  from space 31232K, 53% used [0x0000000731d00000,0x0000000732d649c8,0x0000000733b80000)
  to   space 31232K, 0% used [0x000000072fe80000,0x000000072fe80000,0x0000000731d00000)
 ParOldGen       total 501248K, used 70337K [0x00000005c0000000, 0x00000005de980000, 0x0000000715580000)
  object space 501248K, 14% used [0x00000005c0000000,0x00000005c44b04b0,0x00000005de980000)
 Metaspace       used 63841K, capacity 86136K, committed 86312K, reserved 1114112K
  class space    used 14781K, capacity 21992K, committed 22064K, reserved 1048576K
}
Event: 10.290 GC heap before
{Heap before GC invocations=16 (full 3):
 PSYoungGen      total 466432K, used 451986K [0x0000000715580000, 0x0000000734a80000, 0x00000007c0000000)
  eden space 435200K, 100% used [0x0000000715580000,0x000000072fe80000,0x000000072fe80000)
  from space 31232K, 53% used [0x0000000731d00000,0x0000000732d649c8,0x0000000733b80000)
  to   space 31232K, 0% used [0x000000072fe80000,0x000000072fe80000,0x0000000731d00000)
 ParOldGen       total 501248K, used 70337K [0x00000005c0000000, 0x00000005de980000, 0x0000000715580000)
  object space 501248K, 14% used [0x00000005c0000000,0x00000005c44b04b0,0x00000005de980000)
 Metaspace       used 64120K, capacity 86416K, committed 86568K, reserved 1114112K
  class space    used 14782K, capacity 22024K, committed 22064K, reserved 1048576K
Event: 10.301 GC heap after
Heap after GC invocations=16 (full 3):
 PSYoungGen      total 466432K, used 21794K [0x0000000715580000, 0x0000000738b80000, 0x00000007c0000000)
  eden space 435200K, 0% used [0x0000000715580000,0x0000000715580000,0x000000072fe80000)
  from space 31232K, 69% used [0x000000072fe80000,0x00000007313c89d8,0x0000000731d00000)
  to   space 32768K, 0% used [0x0000000736b80000,0x0000000736b80000,0x0000000738b80000)
 ParOldGen       total 501248K, used 70345K [0x00000005c0000000, 0x00000005de980000, 0x0000000715580000)
  object space 501248K, 14% used [0x00000005c0000000,0x00000005c44b24b0,0x00000005de980000)
 Metaspace       used 64120K, capacity 86416K, committed 86568K, reserved 1114112K
  class space    used 14782K, capacity 22024K, committed 22064K, reserved 1048576K
}
Event: 10.580 GC heap before
{Heap before GC invocations=17 (full 3):
 PSYoungGen      total 466432K, used 456994K [0x0000000715580000, 0x0000000738b80000, 0x00000007c0000000)
  eden space 435200K, 100% used [0x0000000715580000,0x000000072fe80000,0x000000072fe80000)
  from space 31232K, 69% used [0x000000072fe80000,0x00000007313c89d8,0x0000000731d00000)
  to   space 32768K, 0% used [0x0000000736b80000,0x0000000736b80000,0x0000000738b80000)
 ParOldGen       total 501248K, used 70345K [0x00000005c0000000, 0x00000005de980000, 0x0000000715580000)
  object space 501248K, 14% used [0x00000005c0000000,0x00000005c44b24b0,0x00000005de980000)
 Metaspace       used 64208K, capacity 86500K, committed 86568K, reserved 1114112K
  class space    used 14782K, capacity 22024K, committed 22064K, reserved 1048576K
Event: 10.594 GC heap after
Heap after GC invocations=17 (full 3):
 PSYoungGen      total 544256K, used 26497K [0x0000000715580000, 0x000000073a280000, 0x00000007c0000000)
  eden space 511488K, 0% used [0x0000000715580000,0x0000000715580000,0x0000000734900000)
  from space 32768K, 80% used [0x0000000736b80000,0x0000000738560798,0x0000000738b80000)
  to   space 35328K, 0% used [0x0000000734900000,0x0000000734900000,0x0000000736b80000)
 ParOldGen       total 501248K, used 70353K [0x00000005c0000000, 0x00000005de980000, 0x0000000715580000)
  object space 501248K, 14% used [0x00000005c0000000,0x00000005c44b44b0,0x00000005de980000)
 Metaspace       used 64208K, capacity 86500K, committed 86568K, reserved 1114112K
  class space    used 14782K, capacity 22024K, committed 22064K, reserved 1048576K
}

